build/app/outputs/mapping/release/seeds.txt
com.example.spoorthymactcs.MainActivity
com.example.spoorthymactcs.MainActivity: MainActivity()
...
androidx.core.view.WindowInsetsCompat$Impl28: boolean equals(java.lang.Object)
com.google.crypto.tink.proto.KeysetInfo$KeyInfo$Builder: KeysetInfo$KeyInfo$Builder()
kotlin.coroutines.jvm.internal.BaseContinuationImpl: BaseContinuationImpl(kotlin.coroutines.Continuation)
io.flutter.embedding.android.TransparencyMode: io.flutter.embedding.android.TransparencyMode valueOf(java.lang.String)
androidx.window.embedding.SplitController: SplitController(kotlin.jvm.internal.DefaultConstructorMarker)
androidx.window.embedding.SplitController$Companion: SplitController$Companion(kotlin.jvm.internal.DefaultConstructorMarker)
androidx.core.view.WindowInsetsCompat$Impl20: boolean equals(java.lang.Object)
androidx.core.view.WindowInsetsCompat$Impl: androidx.core.graphics.Insets getMandatorySystemGestureInsets()
androidx.window.embedding.ExtensionEmbeddingBackend: java.util.concurrent.locks.ReentrantLock access$getGlobalLock$cp()
kotlinx.coroutines.NodeList: NodeList()
io.flutter.embedding.android.FlutterSurfaceView: io.flutter.embedding.engine.renderer.FlutterRenderer getAttachedRenderer()
com.google.crypto.tink.shaded.protobuf.GeneratedMessageLite: GeneratedMessageLite()
com.google.crypto.tink.proto.AesCtrKey: AesCtrKey()
androidx.security.crypto.MasterKey$Builder$Api23Impl: java.lang.String getKeystoreAlias(android.security.keystore.KeyGenParameterSpec)
androidx.window.embedding.EmbeddingCompat$Companion: boolean isEmbeddingAvailable()
io.flutter.view.AccessibilityViewEmbedder: void addChildrenToFlutterNode(android.view.accessibility.AccessibilityNodeInfo,android.view.View,android.view.accessibility.AccessibilityNodeInfo)
com.google.crypto.tink.shaded.protobuf.UnknownFieldSchema: UnknownFieldSchema()
androidx.window.layout.DisplayCompatHelperApi28: int safeInsetLeft(android.view.DisplayCutout)
io.flutter.embedding.engine.renderer.SurfaceTextureWrapper: SurfaceTextureWrapper(android.graphics.SurfaceTexture)
androidx.lifecycle.Lifecycle$State: androidx.lifecycle.Lifecycle$State valueOf(java.lang.String)
androidx.window.layout.SidecarCompat$TranslatingCallback: void onDeviceStateChanged(androidx.window.sidecar.SidecarDeviceState)
androidx.window.core.Version: androidx.window.core.Version access$getVERSION_1_0$cp()
io.flutter.embedding.engine.renderer.SurfaceTextureWrapper: void attachToGLContext(int)
androidx.window.layout.ExtensionInterfaceCompat: void onWindowLayoutChangeListenerRemoved(android.app.Activity)
kotlin.jvm.internal.Lambda: int getArity()
kotlin.jvm.internal.CallableReference: kotlin.reflect.KCallable computeReflected()
io.flutter.plugin.editing.ImeSyncDeferringInsetsCallback: void install()
androidx.core.graphics.drawable.IconCompat: IconCompat()
io.flutter.view.AccessibilityBridge$TextDirection: io.flutter.view.AccessibilityBridge$TextDirection valueOf(java.lang.String)
com.google.crypto.tink.shaded.protobuf.IntArrayList: IntArrayList()
androidx.window.embedding.ExtensionEmbeddingBackend$EmbeddingCallbackImpl: ExtensionEmbeddingBackend$EmbeddingCallbackImpl(androidx.window.embedding.ExtensionEmbeddingBackend)
kotlinx.coroutines.MainCoroutineDispatcher: MainCoroutineDispatcher()
com.google.crypto.tink.proto.HmacKey: HmacKey()
com.google.crypto.tink.proto.HmacKey$Builder: HmacKey$Builder()
io.flutter.embedding.engine.FlutterJNI: void nativeInvokePlatformMessageResponseCallback(long,int,java.nio.ByteBuffer,int)
com.google.crypto.tink.proto.KeyStatusType: com.google.crypto.tink.proto.KeyStatusType[] values()
androidx.window.embedding.SplitPairFilter: SplitPairFilter(android.content.ComponentName,android.content.ComponentName,java.lang.String)
androidx.core.app.CoreComponentFactory: CoreComponentFactory()
io.flutter.embedding.engine.FlutterJNI: void dispatchEmptyPlatformMessage(java.lang.String,int)
androidx.window.embedding.SplitPairRule: androidx.window.embedding.SplitPairRule plus$window_release(androidx.window.embedding.SplitPairFilter)
com.google.crypto.tink.proto.Keyset$Key$Builder: Keyset$Key$Builder()