build/app/outputs/mapping/release/mapping.txt
# compiler: R8
# compiler_version: 3.3.70
# min_api: 19
# common_typos_disable
# {"id":"com.android.tools.r8.mapping","version":"2.0"}
# pg_map_id: ef3507e
# pg_map_hash: SHA-256 ef3507e8ecf025fd31e881fdaf7d29ac968d5009ecb60be03d62fa3169140ffc
...
com.google.crypto.tink.subtle.PrfHmacJce -> a0.n:
    java.lang.ThreadLocal localMac -> a
    java.security.Key key -> c
    com.google.crypto.tink.config.internal.TinkFipsUtil$AlgorithmFipsCompatibility FIPS -> e
    int maxOutputLength -> d
    java.lang.String algorithm -> b
    byte[] compute(byte[],int) -> a
    java.lang.String access$000(com.google.crypto.tink.subtle.PrfHmacJce) -> b
    java.security.Key access$100(com.google.crypto.tink.subtle.PrfHmacJce) -> c
com.google.crypto.tink.subtle.PrfHmacJce$1 -> a0.n$a:
    com.google.crypto.tink.subtle.PrfHmacJce this$0 -> a
    javax.crypto.Mac initialValue() -> a
com.google.crypto.tink.subtle.PrfMac -> a0.o:
    int tagSize -> b
    com.google.crypto.tink.prf.Prf wrappedPrf -> a
    void verifyMac(byte[],byte[]) -> a
    byte[] computeMac(byte[]) -> b
com.google.crypto.tink.subtle.Random -> a0.p:
    java.lang.ThreadLocal localRandom -> a
    java.security.SecureRandom access$000() -> a
    java.security.SecureRandom newDefaultSecureRandom() -> b
    byte[] randBytes(int) -> c
com.google.crypto.tink.subtle.Random$1 -> a0.p$a:
    java.security.SecureRandom initialValue() -> a
com.google.crypto.tink.subtle.SubtleUtil -> a0.q:
    int androidApiLevel() -> a
    boolean isAndroid() -> b
com.google.crypto.tink.subtle.Validators -> a0.r:
    java.util.regex.Pattern GCP_KMS_CRYPTO_KEY_VERSION_PATTERN -> b
    java.util.regex.Pattern GCP_KMS_CRYPTO_KEY_PATTERN -> a
    void validateAesKeySize(int) -> a
    java.lang.String validateKmsKeyUriAndRemovePrefix(java.lang.String,java.lang.String) -> b
    void validateVersion(int,int) -> c
com.google.crypto.tink.subtle.XChaCha20Poly1305 -> a0.s:
    com.google.crypto.tink.aead.internal.InsecureNonceXChaCha20Poly1305 cipher -> a
    byte[] encrypt(byte[],byte[]) -> a
    byte[] decrypt(byte[],byte[]) -> b
com.google.crypto.tink.util.Bytes -> b0.a:
    byte[] data -> a
    com.google.crypto.tink.util.Bytes copyFrom(byte[]) -> a
    com.google.crypto.tink.util.Bytes copyFrom(byte[],int,int) -> b
    int size() -> c
com.google.crypto.tink.util.SecretBytes -> b0.b:
    com.google.crypto.tink.util.Bytes bytes -> a
    com.google.crypto.tink.util.SecretBytes copyFrom(byte[],com.google.crypto.tink.SecretKeyAccess) -> a
    int size() -> b
com.it_nomads.fluttersecurestorage.FlutterSecureStorage -> c0.a:
    java.lang.String SHARED_PREFERENCES_NAME -> f
    com.it_nomads.fluttersecurestorage.ciphers.StorageCipherFactory storageCipherFactory -> i
    java.nio.charset.Charset charset -> b
    android.content.Context applicationContext -> c
    android.content.SharedPreferences preferences -> g
    com.it_nomads.fluttersecurestorage.ciphers.StorageCipher storageCipher -> h
    java.lang.Boolean failedToUseEncryptedSharedPreferences -> j
    java.lang.String TAG -> a
    java.util.Map options -> e
    java.lang.String ELEMENT_PREFERENCES_KEY_PREFIX -> d
    void checkAndMigrateToEncrypted(android.content.SharedPreferences,android.content.SharedPreferences) -> a
    boolean containsKey(java.lang.String) -> b
    java.lang.String decodeRawValue(java.lang.String) -> c
    void delete(java.lang.String) -> d
    void deleteAll() -> e
    void ensureInitialized() -> f
    boolean getResetOnError() -> g
    boolean getUseEncryptedSharedPreferences() -> h
    void initStorageCipher(android.content.SharedPreferences) -> i
    android.content.SharedPreferences initializeEncryptedSharedPreferencesManager(android.content.Context) -> j
    void reEncryptPreferences(com.it_nomads.fluttersecurestorage.ciphers.StorageCipherFactory,android.content.SharedPreferences) -> k
    java.lang.String read(java.lang.String) -> l
    java.util.Map readAll() -> m
    void write(java.lang.String,java.lang.String) -> n