build/app/outputs/mapping/release/usage.txt
com.example.spoorthymactcs.BuildConfig
com.example.spoorthymactcs.R$attr
com.example.spoorthymactcs.R$color
com.example.spoorthymactcs.R$dimen
com.example.spoorthymactcs.R$drawable
com.example.spoorthymactcs.R$id
com.example.spoorthymactcs.R$integer
com.example.spoorthymactcs.R$layout
com.example.spoorthymactcs.R$mipmap
com.example.spoorthymactcs.R$string
com.example.spoorthymactcs.R$style
com.example.spoorthymactcs.R$styleable
com.example.spoorthymactcs.R
...
kotlinx.coroutines.flow.internal.CombineKt$zipImpl$1$1$second$1$invokeSuspend$$inlined$collect$1
kotlinx.coroutines.flow.internal.CombineKt$zipImpl$1$1$second$1
kotlinx.coroutines.flow.internal.CombineKt$zipImpl$1$1
kotlinx.coroutines.flow.internal.CombineKt
kotlinx.coroutines.flow.internal.FlowCoroutine
kotlinx.coroutines.flow.internal.FlowCoroutineKt$scopedFlow$$inlined$unsafeFlow$1
kotlinx.coroutines.flow.internal.FlowCoroutineKt$scopedFlow$1$1
kotlinx.coroutines.flow.internal.FlowCoroutineKt
kotlinx.coroutines.flow.internal.FlowExceptions_commonKt
kotlinx.coroutines.flow.internal.FlowProduceCoroutine
kotlinx.coroutines.flow.internal.FusibleFlow$DefaultImpls
kotlinx.coroutines.flow.internal.FusibleFlow
kotlinx.coroutines.flow.internal.NopCollector
kotlinx.coroutines.flow.internal.NullSurrogateKt
kotlinx.coroutines.flow.internal.SafeCollectorKt:
    private static synthetic void getEmitFun$annotations()
kotlinx.coroutines.flow.internal.SafeCollector_commonKt$unsafeFlow$1$collect$1
kotlinx.coroutines.flow.internal.SafeCollector_commonKt$unsafeFlow$1
kotlinx.coroutines.flow.internal.SafeCollector_commonKt:
    public static final kotlinx.coroutines.flow.Flow unsafeFlow(kotlin.jvm.functions.Function2)
kotlinx.coroutines.flow.internal.SendingCollector
kotlinx.coroutines.flow.internal.StackFrameContinuation
kotlinx.coroutines.flow.internal.UndispatchedContextCollector$emitRef$1
kotlinx.coroutines.flow.internal.UndispatchedContextCollector
kotlinx.coroutines.internal.ArrayQueue:
    public final void clear()
kotlinx.coroutines.internal.AtomicDesc:
    public kotlinx.coroutines.internal.AtomicOp atomicOp
    public void <init>()
    public abstract void complete(kotlinx.coroutines.internal.AtomicOp,java.lang.Object)
    public final kotlinx.coroutines.internal.AtomicOp getAtomicOp()
    public abstract java.lang.Object prepare(kotlinx.coroutines.internal.AtomicOp)
    public final void setAtomicOp(kotlinx.coroutines.internal.AtomicOp)
kotlinx.coroutines.internal.AtomicKt:
    public static synthetic void getNO_DECISION$annotations()
    public static synthetic void getRETRY_ATOMIC$annotations()
kotlinx.coroutines.internal.AtomicOp:
    public final java.lang.Object getConsensus()
    public final boolean isDecided()
kotlinx.coroutines.internal.ConcurrentKt:
    public static synthetic void ReentrantLock$annotations()
    public static final java.util.Set identitySet(int)
    public static final java.util.List subscriberList()
    public static final java.lang.Object withLock(java.util.concurrent.locks.ReentrantLock,kotlin.jvm.functions.Function0)
kotlinx.coroutines.internal.ConcurrentLinkedListKt
kotlinx.coroutines.internal.ConcurrentLinkedListNode
kotlinx.coroutines.internal.Concurrent_commonKt
kotlinx.coroutines.internal.DispatchedContinuation:
    public final void dispatchYield$kotlinx_coroutines_core(kotlin.coroutines.CoroutineContext,java.lang.Object)
    public static synthetic void get_state$kotlinx_coroutines_core$annotations()
    public final void resumeCancellableWith(java.lang.Object,kotlin.jvm.functions.Function1)
    public final boolean resumeCancelled(java.lang.Object)
    public final void resumeUndispatchedWith(java.lang.Object)
kotlinx.coroutines.internal.DispatchedContinuationKt:
    private static final boolean executeUnconfined(kotlinx.coroutines.internal.DispatchedContinuation,java.lang.Object,int,boolean,kotlin.jvm.functions.Function0)
    static synthetic boolean executeUnconfined$default(kotlinx.coroutines.internal.DispatchedContinuation,java.lang.Object,int,boolean,kotlin.jvm.functions.Function0,int,java.lang.Object)
    public static synthetic void getREUSABLE_CLAIMED$annotations()
    private static synthetic void getUNDEFINED$annotations()
    public static final boolean yieldUndispatched(kotlinx.coroutines.internal.DispatchedContinuation)
kotlinx.coroutines.internal.ExceptionsConstuctorKt$safeCtor$1